{
  "RSpec": {
    "coverage": {
      "/Users/apprentice/Desktop/puissance_4/lib/board.rb": [
        1,
        1,
        null,
        1,
        96,
        null,
        null,
        1,
        11,
        10,
        10,
        null,
        null,
        1,
        1,
        21,
        null,
        null,
        1,
        10,
        28,
        null,
        null,
        null,
        1,
        11,
        null,
        null,
        null,
        null,
        null,
        1,
        1,
        0,
        null,
        null,
        null,
        null,
        null,
        null,
        null,
        null,
        null,
        null
      ],
      "/Users/apprentice/Desktop/puissance_4/specs/game_spec.rb": [
        1,
        1,
        null,
        1,
        1,
        null,
        1,
        null,
        10,
        null,
        1,
        null,
        1,
        1,
        1,
        null,
        null,
        1,
        1,
        1,
        1,
        null,
        null,
        null,
        null,
        1,
        null,
        1,
        1,
        null,
        null,
        1,
        null,
        1,
        1,
        1,
        null,
        null,
        1,
        1,
        1,
        null,
        null,
        null,
        null,
        null,
        1,
        null,
        1,
        1,
        1,
        null,
        null,
        1,
        1,
        1,
        null,
        null,
        null,
        null,
        1,
        null,
        1,
        1,
        1,
        null,
        null,
        1,
        1,
        2,
        null,
        null,
        null,
        null,
        null,
        null,
        null,
        null,
        null,
        null
      ],
      "/Users/apprentice/Desktop/puissance_4/lib/player.rb": [
        1,
        1,
        null,
        1,
        21,
        null,
        null,
        1,
        2,
        2,
        null,
        null,
        1,
        1,
        null,
        null,
        null
      ],
      "/Users/apprentice/Desktop/puissance_4/lib/game.rb": [
        1,
        1,
        null,
        1,
        9,
        9,
        9,
        9,
        null,
        null,
        1,
        1,
        null,
        null,
        1,
        1,
        null,
        null,
        1,
        2,
        null,
        null,
        1,
        2,
        null,
        null,
        1,
        2,
        null,
        null,
        null,
        null,
        null,
        null,
        null,
        1,
        null,
        null,
        1,
        1,
        0,
        null,
        null,
        null
      ],
      "/Users/apprentice/Desktop/puissance_4/specs/group_spec.rb": [
        1,
        1,
        1
      ],
      "/Users/apprentice/Desktop/puissance_4/lib/group.rb": [

      ],
      "/Users/apprentice/Desktop/puissance_4/specs/player_spec.rb": [
        1,
        1,
        null,
        1,
        null,
        1,
        null,
        4,
        null,
        1,
        null,
        1,
        1,
        null,
        null,
        null,
        null,
        1,
        null,
        1,
        1,
        null,
        null,
        1,
        1,
        1,
        null,
        null,
        null,
        null,
        null
      ]
    },
    "timestamp": 1351798846
  }
}
